Wed Oct  6 13:57:51 2021       
+-----------------------------------------------------------------------------+
| NVIDIA-SMI 450.142.00   Driver Version: 450.142.00   CUDA Version: 11.0     |
|-------------------------------+----------------------+----------------------+
| GPU  Name        Persistence-M| Bus-Id        Disp.A | Volatile Uncorr. ECC |
| Fan  Temp  Perf  Pwr:Usage/Cap|         Memory-Usage | GPU-Util  Compute M. |
|                               |                      |               MIG M. |
|===============================+======================+======================|
|   0  Tesla V100-SXM3...  On   | 00000000:57:00.0 Off |                    0 |
| N/A   46C    P0   224W / 350W |   4268MiB / 32510MiB |     95%      Default |
|                               |                      |                  N/A |
+-------------------------------+----------------------+----------------------+
                                                                               
+-----------------------------------------------------------------------------+
| Processes:                                                                  |
|  GPU   GI   CI        PID   Type   Process name                  GPU Memory |
|        ID   ID                                                   Usage      |
|=============================================================================|
|    0   N/A  N/A     82159      C   python                           4261MiB |
+-----------------------------------------------------------------------------+
g001
